<?xml version="1.0" encoding="UTF-8"?>
<!-- Generated by org.testng.reporters.JUnitReportReporter -->
<testsuite hostname="5590cd17f1125ea" failures="0" tests="3" name="com.demo.DemoTestNG3.Groups" time="0.016" errors="0" timestamp="2024-07-31T12:59:54 IST" skipped="0">
  <testcase classname="com.demo.DemoTestNG3.Groups" name="a1test" time="0.010"/>
  <testcase classname="com.demo.DemoTestNG3.Groups" name="a2test" time="0.002"/>
  <testcase classname="com.demo.DemoTestNG3.Groups" name="a3test" time="0.004"/>
</testsuite> <!-- com.demo.DemoTestNG3.Groups -->
