<?xml version="1.0" encoding="UTF-8"?>
<!-- Generated by org.testng.reporters.JUnitReportReporter -->
<testsuite hostname="5590cd17f1125ea" failures="0" tests="4" name="com.demo.DemoTestNG3.demo2" time="0.015" errors="0" timestamp="2024-07-31T14:02:07 IST" skipped="1">
  <testcase classname="com.demo.DemoTestNG3.demo2" name="ctest" time="0.010"/>
  <testcase classname="com.demo.DemoTestNG3.demo2" name="dtest" time="0.003"/>
  <testcase classname="com.demo.DemoTestNG3.demo2" name="atest" time="0.002"/>
  <testcase classname="com.demo.DemoTestNG3.demo2" name="btest">
    <skipped/>
  </testcase> <!-- btest -->
</testsuite> <!-- com.demo.DemoTestNG3.demo2 -->
