<?xml version="1.0" encoding="UTF-8"?>
<!-- Generated by org.testng.reporters.JUnitReportReporter -->
<testsuite hostname="5590cd17f1125ea" failures="0" tests="2" name="com.demo.DemoTestNG3.logtest" time="0.012" errors="0" timestamp="2024-07-31T10:31:06 IST" skipped="0">
  <testcase classname="com.demo.DemoTestNG3.logtest" name="btest" time="0.010"/>
  <testcase classname="com.demo.DemoTestNG3.logtest" name="atest" time="0.002"/>
</testsuite> <!-- com.demo.DemoTestNG3.logtest -->
