<?xml version="1.0" encoding="UTF-8"?>
<!-- Generated by org.testng.reporters.JUnitReportReporter -->
<testsuite hostname="5590cd17f1125ea" failures="0" tests="1" name="com.demo.DemoTestNG3.ParametersPractice" time="5.095" errors="0" timestamp="2024-07-31T12:38:04 IST" skipped="0">
  <testcase classname="com.demo.DemoTestNG3.ParametersPractice" name="test3" time="5.095"/>
</testsuite> <!-- com.demo.DemoTestNG3.ParametersPractice -->
