<?xml version="1.0" encoding="UTF-8"?>
<!-- Generated by org.testng.reporters.JUnitReportReporter -->
<testsuite hostname="5590cd17f1125ea" failures="0" tests="1" name="com.demo.DemoTestNG3.AssertPractice" time="5.705" errors="0" timestamp="2024-07-31T13:09:22 IST" skipped="0">
  <testcase classname="com.demo.DemoTestNG3.AssertPractice" name="SoftAssertTest" time="5.705"/>
</testsuite> <!-- com.demo.DemoTestNG3.AssertPractice -->
